d:\git\hollow2d\calculator\x64\debug\calculator.pch
d:\git\hollow2d\calculator\x64\debug\vc141.pdb
d:\git\hollow2d\calculator\x64\debug\vc141.idb
d:\git\hollow2d\calculator\x64\debug\stdafx.obj
d:\git\hollow2d\calculator\x64\debug\calculatordlg.obj
d:\git\hollow2d\calculator\x64\debug\calculator.obj
d:\git\hollow2dnoscene\calculator\x64\debug\calculator.pch
d:\git\hollow2dnoscene\calculator\x64\debug\vc141.pdb
d:\git\hollow2dnoscene\calculator\x64\debug\vc141.idb
d:\git\hollow2dnoscene\calculator\x64\debug\stdafx.obj
d:\git\hollow2dnoscene\calculator\x64\debug\calculatordlg.obj
d:\git\hollow2dnoscene\calculator\x64\debug\calculator.obj
d:\git\hollow2d\x64\debug\calculator.ilk
d:\git\hollow2d\x64\debug\calculator.exe
d:\git\hollow2d\x64\debug\calculator.pdb
d:\git\hollow2dnoscene\x64\debug\calculator.exe
d:\git\hollow2dnoscene\x64\debug\calculator.ilk
d:\git\hollow2dnoscene\x64\debug\calculator.pdb
d:\git\hollow2d\calculator\x64\debug\calculator.res
d:\git\hollow2dnoscene\calculator\x64\debug\calculator.res
d:\git\hollow2dnoscene\calculator\x64\debug\calculator.tlog\cl.command.1.tlog
d:\git\hollow2dnoscene\calculator\x64\debug\calculator.tlog\cl.read.1.tlog
d:\git\hollow2dnoscene\calculator\x64\debug\calculator.tlog\cl.write.1.tlog
d:\git\hollow2dnoscene\calculator\x64\debug\calculator.tlog\link.command.1.tlog
d:\git\hollow2dnoscene\calculator\x64\debug\calculator.tlog\link.read.1.tlog
d:\git\hollow2dnoscene\calculator\x64\debug\calculator.tlog\link.write.1.tlog
d:\git\hollow2dnoscene\calculator\x64\debug\calculator.tlog\rc.command.1.tlog
d:\git\hollow2dnoscene\calculator\x64\debug\calculator.tlog\rc.read.1.tlog
d:\git\hollow2dnoscene\calculator\x64\debug\calculator.tlog\rc.write.1.tlog
