d:\mingyu\newdx\gameengine\binobj\vc141.pdb
d:\mingyu\newdx\gameengine\binobj\vc141.idb
d:\mingyu\newdx\gameengine\binobj\tile.obj
d:\mingyu\newdx\gameengine\binobj\staticmeshcomponent.obj
d:\mingyu\newdx\gameengine\binobj\scenecomponent.obj
d:\mingyu\newdx\gameengine\binobj\projectilemovementcomponent.obj
d:\mingyu\newdx\gameengine\binobj\objectcomponent.obj
d:\mingyu\newdx\gameengine\binobj\movementcomponent.obj
d:\mingyu\newdx\gameengine\binobj\component.obj
d:\mingyu\newdx\gameengine\binobj\collision.obj
d:\mingyu\newdx\gameengine\binobj\collidersphere2d.obj
d:\mingyu\newdx\gameengine\binobj\colliderrect.obj
d:\mingyu\newdx\gameengine\binobj\colliderpoint.obj
d:\mingyu\newdx\gameengine\binobj\colliderpixel.obj
d:\mingyu\newdx\gameengine\binobj\colliderobb2d.obj
d:\mingyu\newdx\gameengine\binobj\colliderbase.obj
d:\mingyu\newdx\gameengine\binobj\charactermovementcomponent.obj
d:\mingyu\newdx\gameengine\binobj\cameracomponent.obj
d:\mingyu\newdx\gameengine\binobj\animationmeshcomponent.obj
d:\mingyu\newdx\gameengine\binobj\animation2d.obj
d:\mingyu\newdx\gameengine\binobj\collisionmanager.obj
d:\mingyu\newdx\gameengine\binobj\cameramanager.obj
d:\mingyu\newdx\gameengine\binobj\depthstencilstate.obj
d:\mingyu\newdx\gameengine\binobj\blendstate.obj
d:\mingyu\newdx\gameengine\binobj\animationmesh.obj
d:\mingyu\newdx\gameengine\binobj\animation2dsequence.obj
d:\mingyu\newdx\gameengine\binobj\rendermanager.obj
d:\mingyu\newdx\gameengine\binobj\ref.obj
d:\mingyu\newdx\gameengine\binobj\pathmanager.obj
d:\mingyu\newdx\gameengine\binobj\gameobject.obj
d:\mingyu\newdx\gameengine\binobj\matrix.obj
d:\mingyu\newdx\gameengine\binobj\input.obj
d:\mingyu\newdx\gameengine\binobj\excelmanager.obj
d:\mingyu\newdx\gameengine\binobj\engine.obj
d:\mingyu\newdx\gameengine\binobj\device.obj
d:\mingyu\newdx\gameengine\binobj\uiimage.obj
d:\mingyu\newdx\gameengine\binobj\uibutton.obj
d:\mingyu\newdx\gameengine\binobj\uibar.obj
d:\mingyu\newdx\gameengine\binobj\uianimation.obj
d:\mingyu\newdx\gameengine\binobj\ui.obj
d:\mingyu\newdx\gameengine\binobj\transform.obj
d:\mingyu\newdx\gameengine\binobj\tilemap.obj
d:\mingyu\newdx\gameengine\binobj\timermanager.obj
d:\mingyu\newdx\gameengine\binobj\timer.obj
d:\mingyu\newdx\gameengine\binobj\sectionmanager.obj
d:\mingyu\newdx\gameengine\binobj\section.obj
d:\mingyu\newdx\gameengine\binobj\scheduler.obj
d:\mingyu\newdx\gameengine\binobj\scenemanager.obj
d:\mingyu\newdx\gameengine\binobj\scene.obj
d:\mingyu\newdx\gameengine\binobj\navigation3d.obj
d:\mingyu\newdx\gameengine\binobj\navigation2d.obj
d:\mingyu\newdx\gameengine\binobj\navigation.obj
d:\mingyu\newdx\gameengine\binobj\gamemode.obj
d:\mingyu\newdx\gameengine\binobj\texture.obj
d:\mingyu\newdx\gameengine\binobj\staticmesh.obj
d:\mingyu\newdx\gameengine\binobj\shadermanager.obj
d:\mingyu\newdx\gameengine\binobj\shader.obj
d:\mingyu\newdx\gameengine\binobj\resourcemanager.obj
d:\mingyu\newdx\gameengine\binobj\renderstate.obj
d:\mingyu\newdx\gameengine\binobj\rasterizerstate.obj
d:\mingyu\newdx\gameengine\binobj\mesh.obj
d:\mingyu\newdx\gameengine\binobj\material.obj
d:\mingyu\newdx\gameengine\binobj\vector4.obj
d:\mingyu\newdx\gameengine\binobj\vector3.obj
d:\mingyu\newdx\gameengine\binobj\vector2.obj
d:\mingyu\newdx\gameengine\bin\collider.cso
d:\mingyu\newdx\gameengine\bin\standard.cso
d:\mingyu\newdx\gameengine\bin\tilemap.cso
d:\mingyu\newdx\gameengine\bin\ui.cso
d:\mingyu\newdx\gameengine\bin\gameengine_debug.lib
d:\mingyu\newdx\gameengine\bin\gameengine_debug.exp
d:\mingyu\newdx\gameengine\bin\gameengine_debug.dll
d:\mingyu\newdx\gameengine\bin\gameengine_debug.ilk
d:\mingyu\newdx\gameengine\bin\gameengine_debug.pdb
d:\mingyu\newdx\gameengine\binobj\../bin/gameengine_debug.pdb
d:\mingyu\newdx\gameengine\include\../bin/gameengine_debug.dll
d:\mingyu\newdx\gameengine\binobj\../bin/gameengine_debug.ilk
d:\mingyu\newdx\gameengine\binobj\gameengine.tlog\cl.command.1.tlog
d:\mingyu\newdx\gameengine\binobj\gameengine.tlog\cl.read.1.tlog
d:\mingyu\newdx\gameengine\binobj\gameengine.tlog\cl.write.1.tlog
d:\mingyu\newdx\gameengine\binobj\gameengine.tlog\fxc.command.1.tlog
d:\mingyu\newdx\gameengine\binobj\gameengine.tlog\fxc.read.1.tlog
d:\mingyu\newdx\gameengine\binobj\gameengine.tlog\fxc.write.1.tlog
d:\mingyu\newdx\gameengine\binobj\gameengine.tlog\gameengine.write.1u.tlog
d:\mingyu\newdx\gameengine\binobj\gameengine.tlog\link.16776.delete.1.tlog
d:\mingyu\newdx\gameengine\binobj\gameengine.tlog\link.command.1.tlog
d:\mingyu\newdx\gameengine\binobj\gameengine.tlog\link.delete.1.tlog
d:\mingyu\newdx\gameengine\binobj\gameengine.tlog\link.read.1.tlog
d:\mingyu\newdx\gameengine\binobj\gameengine.tlog\link.write.1.tlog
