  ResourceManager.cpp
d:\git\hollow2d\gameengine\include\matrix.h(7): warning C4251: '_tagMatrix::m': struct 'DirectX::XMMATRIX' needs to have dll-interface to be used by clients of union '_tagMatrix'
  c:\program files (x86)\windows kits\10\include\10.0.17763.0\um\directxmath.h(432): note: see declaration of 'DirectX::XMMATRIX'
d:\git\hollow2d\gameengine\include\resource\resourcemanager.h(8): warning C4251: 'CResourceManager::m_mapMesh': class 'std::unordered_map<size_t,CMesh *,std::hash<_Kty>,std::equal_to<_Kty>,std::allocator<std::pair<const _Kty,_Ty>>>' needs to have dll-interface to be used by clients of class 'CResourceManager'
          with
          [
              _Kty=size_t,
              _Ty=CMesh *
          ]
  d:\git\hollow2d\gameengine\include\resource\resourcemanager.h(8): note: see declaration of 'std::unordered_map<size_t,CMesh *,std::hash<_Kty>,std::equal_to<_Kty>,std::allocator<std::pair<const _Kty,_Ty>>>'
          with
          [
              _Kty=size_t,
              _Ty=CMesh *
          ]
d:\git\hollow2d\gameengine\include\resource\resourcemanager.h(9): warning C4251: 'CResourceManager::m_mapTexture': class 'std::unordered_map<size_t,CTexture *,std::hash<_Kty>,std::equal_to<_Kty>,std::allocator<std::pair<const _Kty,_Ty>>>' needs to have dll-interface to be used by clients of class 'CResourceManager'
          with
          [
              _Kty=size_t,
              _Ty=CTexture *
          ]
  d:\git\hollow2d\gameengine\include\resource\resourcemanager.h(9): note: see declaration of 'std::unordered_map<size_t,CTexture *,std::hash<_Kty>,std::equal_to<_Kty>,std::allocator<std::pair<const _Kty,_Ty>>>'
          with
          [
              _Kty=size_t,
              _Ty=CTexture *
          ]
d:\git\hollow2d\gameengine\include\resource\resourcemanager.h(10): warning C4251: 'CResourceManager::m_mapMaterial': class 'std::unordered_map<size_t,CMaterial *,std::hash<_Kty>,std::equal_to<_Kty>,std::allocator<std::pair<const _Kty,_Ty>>>' needs to have dll-interface to be used by clients of class 'CResourceManager'
          with
          [
              _Kty=size_t,
              _Ty=CMaterial *
          ]
  d:\git\hollow2d\gameengine\include\resource\resourcemanager.h(10): note: see declaration of 'std::unordered_map<size_t,CMaterial *,std::hash<_Kty>,std::equal_to<_Kty>,std::allocator<std::pair<const _Kty,_Ty>>>'
          with
          [
              _Kty=size_t,
              _Ty=CMaterial *
          ]
d:\git\hollow2d\gameengine\include\resource\resourcemanager.h(11): warning C4251: 'CResourceManager::m_mapSampler': class 'std::unordered_map<size_t,ID3D11SamplerState *,std::hash<_Kty>,std::equal_to<_Kty>,std::allocator<std::pair<const _Kty,_Ty>>>' needs to have dll-interface to be used by clients of class 'CResourceManager'
          with
          [
              _Kty=size_t,
              _Ty=ID3D11SamplerState *
          ]
  d:\git\hollow2d\gameengine\include\resource\resourcemanager.h(11): note: see declaration of 'std::unordered_map<size_t,ID3D11SamplerState *,std::hash<_Kty>,std::equal_to<_Kty>,std::allocator<std::pair<const _Kty,_Ty>>>'
          with
          [
              _Kty=size_t,
              _Ty=ID3D11SamplerState *
          ]
d:\git\hollow2d\gameengine\include\resource\resourcemanager.h(12): warning C4251: 'CResourceManager::m_mapRenderState': class 'std::unordered_map<size_t,CRenderState *,std::hash<_Kty>,std::equal_to<_Kty>,std::allocator<std::pair<const _Kty,_Ty>>>' needs to have dll-interface to be used by clients of class 'CResourceManager'
          with
          [
              _Kty=size_t,
              _Ty=CRenderState *
          ]
  d:\git\hollow2d\gameengine\include\resource\resourcemanager.h(12): note: see declaration of 'std::unordered_map<size_t,CRenderState *,std::hash<_Kty>,std::equal_to<_Kty>,std::allocator<std::pair<const _Kty,_Ty>>>'
          with
          [
              _Kty=size_t,
              _Ty=CRenderState *
          ]
d:\git\hollow2d\gameengine\include\resource\resourcemanager.h(13): warning C4251: 'CResourceManager::m_mapAnim2DSequence': class 'std::unordered_map<size_t,CAnimation2DSequence *,std::hash<_Kty>,std::equal_to<_Kty>,std::allocator<std::pair<const _Kty,_Ty>>>' needs to have dll-interface to be used by clients of class 'CResourceManager'
          with
          [
              _Kty=size_t,
              _Ty=CAnimation2DSequence *
          ]
  d:\git\hollow2d\gameengine\include\resource\resourcemanager.h(13): note: see declaration of 'std::unordered_map<size_t,CAnimation2DSequence *,std::hash<_Kty>,std::equal_to<_Kty>,std::allocator<std::pair<const _Kty,_Ty>>>'
          with
          [
              _Kty=size_t,
              _Ty=CAnimation2DSequence *
          ]
d:\git\hollow2d\gameengine\include\resource\resourcemanager.h(14): warning C4251: 'CResourceManager::m_DefaultMeshList': class 'std::list<std::string,std::allocator<_Ty>>' needs to have dll-interface to be used by clients of class 'CResourceManager'
          with
          [
              _Ty=std::string
          ]
  d:\git\hollow2d\gameengine\include\resource\resourcemanager.h(14): note: see declaration of 'std::list<std::string,std::allocator<_Ty>>'
          with
          [
              _Ty=std::string
          ]
d:\git\hollow2d\gameengine\include\resource\resourcemanager.h(15): warning C4251: 'CResourceManager::m_DefaultTextureList': class 'std::list<std::string,std::allocator<_Ty>>' needs to have dll-interface to be used by clients of class 'CResourceManager'
          with
          [
              _Ty=std::string
          ]
  d:\git\hollow2d\gameengine\include\resource\resourcemanager.h(14): note: see declaration of 'std::list<std::string,std::allocator<_Ty>>'
          with
          [
              _Ty=std::string
          ]
d:\git\hollow2d\gameengine\include\resource\resourcemanager.h(16): warning C4251: 'CResourceManager::m_DefaultRenderStateList': class 'std::list<std::string,std::allocator<_Ty>>' needs to have dll-interface to be used by clients of class 'CResourceManager'
          with
          [
              _Ty=std::string
          ]
  d:\git\hollow2d\gameengine\include\resource\resourcemanager.h(14): note: see declaration of 'std::list<std::string,std::allocator<_Ty>>'
          with
          [
              _Ty=std::string
          ]
d:\git\hollow2d\gameengine\include\resource\resourcemanager.h(17): warning C4251: 'CResourceManager::m_DefaultMaterialList': class 'std::list<std::string,std::allocator<_Ty>>' needs to have dll-interface to be used by clients of class 'CResourceManager'
          with
          [
              _Ty=std::string
          ]
  d:\git\hollow2d\gameengine\include\resource\resourcemanager.h(14): note: see declaration of 'std::list<std::string,std::allocator<_Ty>>'
          with
          [
              _Ty=std::string
          ]
d:\git\hollow2d\gameengine\include\resource\resourcemanager.h(18): warning C4251: 'CResourceManager::m_MaterialIter': class 'std::_List_iterator<std::_List_val<std::_List_simple_types<_Ty>>>' needs to have dll-interface to be used by clients of class 'CResourceManager'
          with
          [
              _Ty=std::pair<const size_t,CMaterial *>
          ]
  c:\program files (x86)\microsoft visual studio\2017\community\vc\tools\msvc\14.16.27023\include\list(457): note: see declaration of 'std::_List_iterator<std::_List_val<std::_List_simple_types<_Ty>>>'
          with
          [
              _Ty=std::pair<const size_t,CMaterial *>
          ]
d:\git\hollow2d\gameengine\include\resource\resourcemanager.h(21): warning C4251: 'CResourceManager::m_mapSound': class 'std::unordered_map<size_t,CSound *,std::hash<_Kty>,std::equal_to<_Kty>,std::allocator<std::pair<const _Kty,_Ty>>>' needs to have dll-interface to be used by clients of class 'CResourceManager'
          with
          [
              _Kty=size_t,
              _Ty=CSound *
          ]
  d:\git\hollow2d\gameengine\include\resource\resourcemanager.h(21): note: see declaration of 'std::unordered_map<size_t,CSound *,std::hash<_Kty>,std::equal_to<_Kty>,std::allocator<std::pair<const _Kty,_Ty>>>'
          with
          [
              _Kty=size_t,
              _Ty=CSound *
          ]
d:\git\hollow2d\gameengine\include\resource\resourcemanager.h(22): warning C4251: 'CResourceManager::m_mapChannelGroup': class 'std::unordered_map<size_t,FMOD::ChannelGroup *,std::hash<_Kty>,std::equal_to<_Kty>,std::allocator<std::pair<const _Kty,_Ty>>>' needs to have dll-interface to be used by clients of class 'CResourceManager'
          with
          [
              _Kty=size_t,
              _Ty=FMOD::ChannelGroup *
          ]
  d:\git\hollow2d\gameengine\include\resource\resourcemanager.h(22): note: see declaration of 'std::unordered_map<size_t,FMOD::ChannelGroup *,std::hash<_Kty>,std::equal_to<_Kty>,std::allocator<std::pair<const _Kty,_Ty>>>'
          with
          [
              _Kty=size_t,
              _Ty=FMOD::ChannelGroup *
          ]
d:\git\hollow2d\gameengine\include\ref.h(13): warning C4251: 'CRef::m_strName': class 'std::basic_string<char,std::char_traits<char>,std::allocator<char>>' needs to have dll-interface to be used by clients of class 'CRef'
  c:\program files (x86)\microsoft visual studio\2017\community\vc\tools\msvc\14.16.27023\include\xstring(4373): note: see declaration of 'std::basic_string<char,std::char_traits<char>,std::allocator<char>>'
d:\git\hollow2d\gameengine\include\resource\mesh.h(22): warning C4251: 'CMesh::m_vecMeshContainer': class 'std::vector<PMeshContainer,std::allocator<_Ty>>' needs to have dll-interface to be used by clients of class 'CMesh'
          with
          [
              _Ty=PMeshContainer
          ]
  d:\git\hollow2d\gameengine\include\resource\mesh.h(22): note: see declaration of 'std::vector<PMeshContainer,std::allocator<_Ty>>'
          with
          [
              _Ty=PMeshContainer
          ]
d:\git\hollow2d\gameengine\include\resource\shadermanager.h(8): warning C4251: 'CShaderManager::m_mapShader': class 'std::unordered_map<size_t,CShader *,std::hash<_Kty>,std::equal_to<_Kty>,std::allocator<std::pair<const _Kty,_Ty>>>' needs to have dll-interface to be used by clients of class 'CShaderManager'
          with
          [
              _Kty=size_t,
              _Ty=CShader *
          ]
  d:\git\hollow2d\gameengine\include\resource\shadermanager.h(8): note: see declaration of 'std::unordered_map<size_t,CShader *,std::hash<_Kty>,std::equal_to<_Kty>,std::allocator<std::pair<const _Kty,_Ty>>>'
          with
          [
              _Kty=size_t,
              _Ty=CShader *
          ]
d:\git\hollow2d\gameengine\include\resource\shadermanager.h(9): warning C4251: 'CShaderManager::m_mapInputLayout': class 'std::unordered_map<size_t,ID3D11InputLayout *,std::hash<_Kty>,std::equal_to<_Kty>,std::allocator<std::pair<const _Kty,_Ty>>>' needs to have dll-interface to be used by clients of class 'CShaderManager'
          with
          [
              _Kty=size_t,
              _Ty=ID3D11InputLayout *
          ]
  d:\git\hollow2d\gameengine\include\resource\shadermanager.h(9): note: see declaration of 'std::unordered_map<size_t,ID3D11InputLayout *,std::hash<_Kty>,std::equal_to<_Kty>,std::allocator<std::pair<const _Kty,_Ty>>>'
          with
          [
              _Kty=size_t,
              _Ty=ID3D11InputLayout *
          ]
d:\git\hollow2d\gameengine\include\resource\shadermanager.h(10): warning C4251: 'CShaderManager::m_mapCBuffer': class 'std::unordered_map<size_t,PCBuffer,std::hash<_Kty>,std::equal_to<_Kty>,std::allocator<std::pair<const _Kty,_Ty>>>' needs to have dll-interface to be used by clients of class 'CShaderManager'
          with
          [
              _Kty=size_t,
              _Ty=PCBuffer
          ]
  d:\git\hollow2d\gameengine\include\resource\shadermanager.h(10): note: see declaration of 'std::unordered_map<size_t,PCBuffer,std::hash<_Kty>,std::equal_to<_Kty>,std::allocator<std::pair<const _Kty,_Ty>>>'
          with
          [
              _Kty=size_t,
              _Ty=PCBuffer
          ]
d:\git\hollow2d\gameengine\include\resource\shadermanager.h(11): warning C4251: 'CShaderManager::m_vecInputDesc': class 'std::vector<D3D11_INPUT_ELEMENT_DESC,std::allocator<_Ty>>' needs to have dll-interface to be used by clients of class 'CShaderManager'
          with
          [
              _Ty=D3D11_INPUT_ELEMENT_DESC
          ]
  d:\git\hollow2d\gameengine\include\resource\shadermanager.h(11): note: see declaration of 'std::vector<D3D11_INPUT_ELEMENT_DESC,std::allocator<_Ty>>'
          with
          [
              _Ty=D3D11_INPUT_ELEMENT_DESC
          ]
d:\git\hollow2d\gameengine\include\resource\texture.h(14): warning C4251: 'CTexture::m_vecImage': class 'std::vector<DirectX::ScratchImage *,std::allocator<_Ty>>' needs to have dll-interface to be used by clients of class 'CTexture'
          with
          [
              _Ty=DirectX::ScratchImage *
          ]
  d:\git\hollow2d\gameengine\include\resource\texture.h(14): note: see declaration of 'std::vector<DirectX::ScratchImage *,std::allocator<_Ty>>'
          with
          [
              _Ty=DirectX::ScratchImage *
          ]
d:\git\hollow2d\gameengine\include\resource\texture.h(15): warning C4251: 'CTexture::m_vecFileName': class 'std::vector<const TCHAR *,std::allocator<_Ty>>' needs to have dll-interface to be used by clients of class 'CTexture'
          with
          [
              _Ty=const TCHAR *
          ]
  d:\git\hollow2d\gameengine\include\resource\resourcemanager.h(47): note: see declaration of 'std::vector<const TCHAR *,std::allocator<_Ty>>'
          with
          [
              _Ty=const TCHAR *
          ]
d:\git\hollow2d\gameengine\include\resource\texture.h(16): warning C4251: 'CTexture::m_strPathName': class 'std::basic_string<char,std::char_traits<char>,std::allocator<char>>' needs to have dll-interface to be used by clients of class 'CTexture'
  c:\program files (x86)\microsoft visual studio\2017\community\vc\tools\msvc\14.16.27023\include\xstring(4373): note: see declaration of 'std::basic_string<char,std::char_traits<char>,std::allocator<char>>'
d:\git\hollow2d\gameengine\include\resource\material.h(44): warning C4251: 'CMaterial::m_vecContainer': class 'std::vector<PMaterialContainer,std::allocator<_Ty>>' needs to have dll-interface to be used by clients of class 'CMaterial'
          with
          [
              _Ty=PMaterialContainer
          ]
  d:\git\hollow2d\gameengine\include\resource\material.h(44): note: see declaration of 'std::vector<PMaterialContainer,std::allocator<_Ty>>'
          with
          [
              _Ty=PMaterialContainer
          ]
d:\git\hollow2d\gameengine\include\resource\material.h(48): warning C4251: 'CMaterial::m_mapCBuffer': class 'std::unordered_map<size_t,PCBufferNode,std::hash<_Kty>,std::equal_to<_Kty>,std::allocator<std::pair<const _Kty,_Ty>>>' needs to have dll-interface to be used by clients of class 'CMaterial'
          with
          [
              _Kty=size_t,
              _Ty=PCBufferNode
          ]
  d:\git\hollow2d\gameengine\include\resource\material.h(48): note: see declaration of 'std::unordered_map<size_t,PCBufferNode,std::hash<_Kty>,std::equal_to<_Kty>,std::allocator<std::pair<const _Kty,_Ty>>>'
          with
          [
              _Kty=size_t,
              _Ty=PCBufferNode
          ]
d:\git\hollow2d\gameengine\include\resource\blendstate.h(15): warning C4251: 'CBlendState::m_vecDesc': class 'std::vector<D3D11_RENDER_TARGET_BLEND_DESC,std::allocator<_Ty>>' needs to have dll-interface to be used by clients of class 'CBlendState'
          with
          [
              _Ty=D3D11_RENDER_TARGET_BLEND_DESC
          ]
  d:\git\hollow2d\gameengine\include\resource\blendstate.h(15): note: see declaration of 'std::vector<D3D11_RENDER_TARGET_BLEND_DESC,std::allocator<_Ty>>'
          with
          [
              _Ty=D3D11_RENDER_TARGET_BLEND_DESC
          ]
d:\git\hollow2d\gameengine\include\resource\animation2dsequence.h(41): warning C4251: 'CAnimation2DSequence::m_vecTexture': class 'std::vector<CTexture *,std::allocator<_Ty>>' needs to have dll-interface to be used by clients of class 'CAnimation2DSequence'
          with
          [
              _Ty=CTexture *
          ]
  d:\git\hollow2d\gameengine\include\resource\animation2dsequence.h(41): note: see declaration of 'std::vector<CTexture *,std::allocator<_Ty>>'
          with
          [
              _Ty=CTexture *
          ]
d:\git\hollow2d\gameengine\include\resource\animation2dsequence.h(51): warning C4251: 'CAnimation2DSequence::m_NotifyList': class 'std::list<PAnim2DNotify,std::allocator<_Ty>>' needs to have dll-interface to be used by clients of class 'CAnimation2DSequence'
          with
          [
              _Ty=PAnim2DNotify
          ]
  d:\git\hollow2d\gameengine\include\resource\animation2dsequence.h(51): note: see declaration of 'std::list<PAnim2DNotify,std::allocator<_Ty>>'
          with
          [
              _Ty=PAnim2DNotify
          ]
d:\git\hollow2d\gameengine\include\resource\animation2dsequence.h(52): warning C4251: 'CAnimation2DSequence::m_vecFrameInfo': class 'std::vector<Animation2DFrameInfo,std::allocator<_Ty>>' needs to have dll-interface to be used by clients of class 'CAnimation2DSequence'
          with
          [
              _Ty=Animation2DFrameInfo
          ]
  d:\git\hollow2d\gameengine\include\resource\animation2dsequence.h(52): note: see declaration of 'std::vector<Animation2DFrameInfo,std::allocator<_Ty>>'
          with
          [
              _Ty=Animation2DFrameInfo
          ]
d:\git\hollow2d\gameengine\include\resource\animation2dsequence.h(55): warning C4251: 'CAnimation2DSequence::m_strReturnSequence': class 'std::basic_string<char,std::char_traits<char>,std::allocator<char>>' needs to have dll-interface to be used by clients of class 'CAnimation2DSequence'
  c:\program files (x86)\microsoft visual studio\2017\community\vc\tools\msvc\14.16.27023\include\xstring(4373): note: see declaration of 'std::basic_string<char,std::char_traits<char>,std::allocator<char>>'
d:\git\hollow2d\gameengine\include\pathmanager.h(10): warning C4251: 'CPathManager::m_mapPath': class 'std::unordered_map<size_t,TCHAR *,std::hash<_Kty>,std::equal_to<_Kty>,std::allocator<std::pair<const _Kty,_Ty>>>' needs to have dll-interface to be used by clients of class 'CPathManager'
          with
          [
              _Kty=size_t,
              _Ty=TCHAR *
          ]
  d:\git\hollow2d\gameengine\include\pathmanager.h(10): note: see declaration of 'std::unordered_map<size_t,TCHAR *,std::hash<_Kty>,std::equal_to<_Kty>,std::allocator<std::pair<const _Kty,_Ty>>>'
          with
          [
              _Kty=size_t,
              _Ty=TCHAR *
          ]
  GameEngine.vcxproj -> D:\Git\Hollow2D\GameEngine\Include\../Bin/GameEngine_Debug.dll
  0개 파일이 복사되었습니다.
  파일을 찾을 수 없습니다-*.inl
  0개 파일이 복사되었습니다.
  0개 파일이 복사되었습니다.
  0개 파일이 복사되었습니다.
  .\GameEngine\Bin\GameEngine_Debug.dll
  1개 파일이 복사되었습니다.
  0개 파일이 복사되었습니다.
  .\GameEngine\Bin\GameEngine_Debug.dll
  1개 파일이 복사되었습니다.
  0개 파일이 복사되었습니다.
  .\GameEngine\Bin\GameEngine_Debug.dll
  1개 파일이 복사되었습니다.
  0개 파일이 복사되었습니다.
  0개 파일이 복사되었습니다.
  0개 파일이 복사되었습니다.
  0개 파일이 복사되었습니다.
  .\GameEngine\Bin\GameEngine_Debug.dll
  1개 파일이 복사되었습니다.
  0개 파일이 복사되었습니다.
